<?xml version="1.0" encoding="UTF-8"?>
<testng-results ignored="0" total="1" passed="1" failed="0" skipped="0">
  <reporter-output>
  </reporter-output>
  <suite started-at="2023-01-02T19:44:49 IST" name="Default suite" finished-at="2023-01-02T19:45:10 IST" duration-ms="20224">
    <groups>
    </groups>
    <test started-at="2023-01-02T19:44:49 IST" name="Default test" finished-at="2023-01-02T19:45:10 IST" duration-ms="20224">
      <class name="selenium.QR_Code">
        <test-method signature="qr_code1()[pri:0, instance:selenium.QR_Code@1b2abca6]" started-at="2023-01-02T19:44:49 IST" name="qr_code1" finished-at="2023-01-02T19:45:10 IST" duration-ms="20105" status="PASS">
          <reporter-output>
          </reporter-output>
        </test-method> <!-- qr_code1 -->
      </class> <!-- selenium.QR_Code -->
    </test> <!-- Default test -->
  </suite> <!-- Default suite -->
</testng-results>
